Copyright 1986-2021 Xilinx, Inc. All Rights Reserved.
-----------------------------------------------------------------------------------------------------------------------------
| Tool Version : Vivado v.2021.1 (lin64) Build 3247384 Thu Jun 10 19:36:07 MDT 2021
| Date         : Thu Sep 30 05:42:05 2021
| Host         : b running 64-bit Ubuntu 18.04.6 LTS
| Command      : report_utilization -file design_1_wrapper_utilization_placed.rpt -pb design_1_wrapper_utilization_placed.pb
| Design       : design_1_wrapper
| Device       : xczu3egsbva484-1
| Design State : Fully Placed
-----------------------------------------------------------------------------------------------------------------------------

Utilization Design Information

Table of Contents
-----------------
1. CLB Logic
1.1 Summary of Registers by Type
2. CLB Logic Distribution
3. BLOCKRAM
4. ARITHMETIC
5. I/O
6. CLOCK
7. ADVANCED
8. CONFIGURATION
9. Primitives
10. Black Boxes
11. Instantiated Netlists

1. CLB Logic
------------

+----------------------------+-------+-------+------------+-----------+-------+
|          Site Type         |  Used | Fixed | Prohibited | Available | Util% |
+----------------------------+-------+-------+------------+-----------+-------+
| CLB LUTs                   |  8518 |     0 |          0 |     70560 | 12.07 |
|   LUT as Logic             |  6858 |     0 |          0 |     70560 |  9.72 |
|   LUT as Memory            |  1660 |     0 |          0 |     28800 |  5.76 |
|     LUT as Distributed RAM |   752 |     0 |            |           |       |
|     LUT as Shift Register  |   908 |     0 |            |           |       |
| CLB Registers              | 12781 |     0 |          0 |    141120 |  9.06 |
|   Register as Flip Flop    | 12781 |     0 |          0 |    141120 |  9.06 |
|   Register as Latch        |     0 |     0 |          0 |    141120 |  0.00 |
| CARRY8                     |     4 |     0 |          0 |      8820 |  0.05 |
| F7 Muxes                   |   545 |     0 |          0 |     35280 |  1.54 |
| F8 Muxes                   |   256 |     0 |          0 |     17640 |  1.45 |
| F9 Muxes                   |     0 |     0 |          0 |      8820 |  0.00 |
+----------------------------+-------+-------+------------+-----------+-------+


1.1 Summary of Registers by Type
--------------------------------

+-------+--------------+-------------+--------------+
| Total | Clock Enable | Synchronous | Asynchronous |
+-------+--------------+-------------+--------------+
| 0     |            _ |           - |            - |
| 0     |            _ |           - |          Set |
| 0     |            _ |           - |        Reset |
| 0     |            _ |         Set |            - |
| 0     |            _ |       Reset |            - |
| 0     |          Yes |           - |            - |
| 0     |          Yes |           - |          Set |
| 60    |          Yes |           - |        Reset |
| 290   |          Yes |         Set |            - |
| 12431 |          Yes |       Reset |            - |
+-------+--------------+-------------+--------------+


2. CLB Logic Distribution
-------------------------

+--------------------------------------------+-------+-------+------------+-----------+-------+
|                  Site Type                 |  Used | Fixed | Prohibited | Available | Util% |
+--------------------------------------------+-------+-------+------------+-----------+-------+
| CLB                                        |  2183 |     0 |          0 |      8820 | 24.75 |
|   CLBL                                     |  1393 |     0 |            |           |       |
|   CLBM                                     |   790 |     0 |            |           |       |
| LUT as Logic                               |  6858 |     0 |          0 |     70560 |  9.72 |
|   using O5 output only                     |   252 |       |            |           |       |
|   using O6 output only                     |  4875 |       |            |           |       |
|   using O5 and O6                          |  1731 |       |            |           |       |
| LUT as Memory                              |  1660 |     0 |          0 |     28800 |  5.76 |
|   LUT as Distributed RAM                   |   752 |     0 |            |           |       |
|     using O5 output only                   |     0 |       |            |           |       |
|     using O6 output only                   |     0 |       |            |           |       |
|     using O5 and O6                        |   752 |       |            |           |       |
|   LUT as Shift Register                    |   908 |     0 |            |           |       |
|     using O5 output only                   |     0 |       |            |           |       |
|     using O6 output only                   |   908 |       |            |           |       |
|     using O5 and O6                        |     0 |       |            |           |       |
| CLB Registers                              | 12781 |     0 |          0 |    141120 |  9.06 |
|   Register driven from within the CLB      |  5783 |       |            |           |       |
|   Register driven from outside the CLB     |  6998 |       |            |           |       |
|     LUT in front of the register is unused |  4539 |       |            |           |       |
|     LUT in front of the register is used   |  2459 |       |            |           |       |
| Unique Control Sets                        |  1048 |       |          0 |     17640 |  5.94 |
+--------------------------------------------+-------+-------+------------+-----------+-------+
* * Note: Available Control Sets calculated as Slices * 2, Review the Control Sets Report for more information regarding control sets.


3. BLOCKRAM
-----------

+-------------------+------+-------+------------+-----------+-------+
|     Site Type     | Used | Fixed | Prohibited | Available | Util% |
+-------------------+------+-------+------------+-----------+-------+
| Block RAM Tile    |    2 |     0 |          0 |       216 |  0.93 |
|   RAMB36/FIFO*    |    2 |     0 |          0 |       216 |  0.93 |
|     RAMB36E2 only |    2 |       |            |           |       |
|   RAMB18          |    0 |     0 |          0 |       432 |  0.00 |
+-------------------+------+-------+------------+-----------+-------+
* Note: Each Block RAM Tile only has one FIFO logic available and therefore can accommodate only one FIFO36E2 or one FIFO18E2. However, if a FIFO18E2 occupies a Block RAM Tile, that tile can still accommodate a RAMB18E2


4. ARITHMETIC
-------------

+-----------+------+-------+------------+-----------+-------+
| Site Type | Used | Fixed | Prohibited | Available | Util% |
+-----------+------+-------+------------+-----------+-------+
| DSPs      |    0 |     0 |          0 |       360 |  0.00 |
+-----------+------+-------+------------+-----------+-------+


5. I/O
------

+------------------+------+-------+------------+-----------+-------+
|     Site Type    | Used | Fixed | Prohibited | Available | Util% |
+------------------+------+-------+------------+-----------+-------+
| Bonded IOB       |    0 |     0 |          0 |        82 |  0.00 |
| HPIOB_M          |    0 |     0 |          0 |        26 |  0.00 |
| HPIOB_S          |    0 |     0 |          0 |        26 |  0.00 |
| HDIOB_M          |    0 |     0 |          0 |        12 |  0.00 |
| HDIOB_S          |    0 |     0 |          0 |        12 |  0.00 |
| HPIOB_SNGL       |    0 |     0 |          0 |         6 |  0.00 |
| HPIOBDIFFINBUF   |    0 |     0 |          0 |        72 |  0.00 |
| HPIOBDIFFOUTBUF  |    0 |     0 |          0 |        72 |  0.00 |
| HDIOBDIFFINBUF   |    0 |     0 |          0 |        48 |  0.00 |
| BITSLICE_CONTROL |    0 |     0 |          0 |        24 |  0.00 |
| BITSLICE_RX_TX   |    0 |     0 |          0 |       936 |  0.00 |
| BITSLICE_TX      |    0 |     0 |          0 |        24 |  0.00 |
| RIU_OR           |    0 |     0 |          0 |        12 |  0.00 |
+------------------+------+-------+------------+-----------+-------+


6. CLOCK
--------

+----------------------+------+-------+------------+-----------+-------+
|       Site Type      | Used | Fixed | Prohibited | Available | Util% |
+----------------------+------+-------+------------+-----------+-------+
| GLOBAL CLOCK BUFFERs |    2 |     0 |          0 |       196 |  1.02 |
|   BUFGCE             |    1 |     0 |          0 |        88 |  1.14 |
|   BUFGCE_DIV         |    0 |     0 |          0 |        12 |  0.00 |
|   BUFG_PS            |    1 |     0 |          0 |        72 |  1.39 |
|   BUFGCTRL*          |    0 |     0 |          0 |        24 |  0.00 |
| PLL                  |    0 |     0 |          0 |         6 |  0.00 |
| MMCM                 |    0 |     0 |          0 |         3 |  0.00 |
+----------------------+------+-------+------------+-----------+-------+
* Note: Each used BUFGCTRL counts as two GLOBAL CLOCK BUFFERs. This table does not include global clocking resources, only buffer cell usage. See the Clock Utilization Report (report_clock_utilization) for detailed accounting of global clocking resource availability.


7. ADVANCED
-----------

+-----------+------+-------+------------+-----------+--------+
| Site Type | Used | Fixed | Prohibited | Available |  Util% |
+-----------+------+-------+------------+-----------+--------+
| PS8       |    1 |     0 |          0 |         1 | 100.00 |
| SYSMONE4  |    0 |     0 |          0 |         1 |   0.00 |
+-----------+------+-------+------------+-----------+--------+


8. CONFIGURATION
----------------

+-------------+------+-------+------------+-----------+-------+
|  Site Type  | Used | Fixed | Prohibited | Available | Util% |
+-------------+------+-------+------------+-----------+-------+
| BSCANE2     |    0 |     0 |          0 |         4 |  0.00 |
| DNA_PORTE2  |    0 |     0 |          0 |         1 |  0.00 |
| EFUSE_USR   |    0 |     0 |          0 |         1 |  0.00 |
| FRAME_ECCE4 |    0 |     0 |          0 |         1 |  0.00 |
| ICAPE3      |    0 |     0 |          0 |         2 |  0.00 |
| MASTER_JTAG |    0 |     0 |          0 |         1 |  0.00 |
| STARTUPE3   |    0 |     0 |          0 |         1 |  0.00 |
+-------------+------+-------+------------+-----------+-------+


9. Primitives
-------------

+----------+-------+---------------------+
| Ref Name |  Used | Functional Category |
+----------+-------+---------------------+
| FDRE     | 12431 |            Register |
| LUT6     |  3655 |                 CLB |
| LUT3     |  1649 |                 CLB |
| RAMD32   |  1316 |                 CLB |
| LUT5     |  1258 |                 CLB |
| LUT4     |  1189 |                 CLB |
| SRLC32E  |   674 |                 CLB |
| LUT2     |   647 |                 CLB |
| MUXF7    |   545 |                 CLB |
| FDSE     |   290 |            Register |
| MUXF8    |   256 |                 CLB |
| SRL16E   |   234 |                 CLB |
| LUT1     |   191 |                 CLB |
| RAMS32   |   188 |                 CLB |
| FDCE     |    60 |            Register |
| CARRY8   |     4 |                 CLB |
| RAMB36E2 |     2 |            BLOCKRAM |
| PS8      |     1 |            Advanced |
| BUFG_PS  |     1 |               Clock |
| BUFGCE   |     1 |               Clock |
+----------+-------+---------------------+


10. Black Boxes
---------------

+----------+------+
| Ref Name | Used |
+----------+------+


11. Instantiated Netlists
-------------------------

+-----------------------------------+------+
|              Ref Name             | Used |
+-----------------------------------+------+
| design_1_zynq_ultra_ps_e_0_0      |    1 |
| design_1_signal_controller_wr_0_0 |    1 |
| design_1_rst_ps8_0_100M_0         |    1 |
| design_1_myip_0_0                 |    1 |
| design_1_blk_mem_gen_0_0          |    1 |
| design_1_axi_smc_0                |    1 |
| design_1_axi_bram_ctrl_0_0        |    1 |
+-----------------------------------+------+


